<?xml version="1.0" encoding="utf-8"?>
<Result id="e0cb2b4a-16a9-4bf0-8849-1eab1db3dccd" name="T_03_작업조회조건설정" result="Stop" detail="Process: T_03_작업조회조건설정&#xA;Step: ExecuteScript (9/14)&#xA;&#xA;Stopped by User&#xA;&#xA;-- Recent Warning Messages --&#xA;Process: T_03_작업조회조건설정&#xA;Step: ExecuteScript (9/14)&#xA;&#xA;TypeError: Cannot read property 'trim' of null" start="2025-04-28T03:51:18.628" end="2025-04-28T03:52:03.353" jobId="Designer_20250428_125115_965">
  <Step id="Sa0b22bfd8fe44675889814125203331b" taskName="T_03_작업조회조건설정" type="Flow" name="Loop" displayName="For" callDepth="1" depth="2" num="6" result="Pass" start="2025-04-28T03:51:18.687" end="2025-04-28T03:51:18.776" displayTime="0.1s">
    <Variables />
    <Properties setIndex="0">
      <Property value="" runtimeType="String" key="Key_Description" displayKey="Description" visible="true" required="false" />
      <Property value="0" runtimeType="Integer" key="Conditions_InitializeIndex" displayKey="Initialize" visible="true" required="true" />
      <Property value="true" runtimeType="Boolean" key="Conditions_LoopCondition" displayKey="Condition" visible="true" required="true" />
      <Property value="0" runtimeType="Integer" key="Conditions_UpdateIndex" displayKey="Update" visible="true" required="true" />
    </Properties>
  </Step>
  <Step id="S4d6f45df485249d5a1083fc4c660c4e9" taskName="T_03_작업조회조건설정" type="Desktop" name="InputBox" displayName="InputBox" callDepth="1" depth="3" num="7" result="Pass" start="2025-04-28T03:51:18.786" end="2025-04-28T03:51:23.309" displayTime="4.5s">
    <Variables>
      <Variable name="i_str_InputPeriod" scope="Input" owner="T_03_작업조회조건설정" declareType="Any" isChanged="false" isChangable="true" runtimeType="Any" value="&lt;null&gt;" />
    </Variables>
    <Properties setIndex="0">
      <Property value="" runtimeType="String" key="Options_OnError" displayKey="On Error" visible="true" required="false" />
      <Property value="" runtimeType="String" key="Key_Description" displayKey="Description" visible="true" required="false" />
      <Property value="this.i_str_InputPeriod : '2025-04'" runtimeType="String" key="Conditions_Variable" displayKey="Variable" visible="true" required="true" />
      <Property value="Text" runtimeType="String" key="Conditions_PromptType" displayKey="Prompt Type" visible="true" required="true" />
      <Property value="''" runtimeType="String" key="Conditions_DefaultValue" displayKey="Default Value" visible="true" required="false" />
      <Property value="''" runtimeType="String" key="Conditions_DefaultItem" displayKey="Default Value" visible="false" required="false" />
      <Property value="''" runtimeType="String" key="Conditions_PromptMessage" displayKey="Guide Message" visible="true" required="false" />
      <Property value="600" runtimeType="Integer" key="Conditions_TimeoutSec" displayKey="Timeout(Sec)" visible="true" required="true" />
    </Properties>
  </Step>
  <Step id="S3745203890be4c7ea6f1246b8d0689b5" taskName="T_03_작업조회조건설정" type="Flow" name="TryCatch" displayName="TryCatch" callDepth="1" depth="3" num="8" result="Pass" start="2025-04-28T03:51:23.313" end="2025-04-28T03:51:23.316" displayTime="0s">
    <Variables />
    <Properties setIndex="0">
      <Property value="" runtimeType="String" key="Key_Description" displayKey="Description" visible="true" required="false" />
    </Properties>
  </Step>
  <Step id="S2b0adf59227443c585a49e3f6e7a20ea" taskName="T_03_작업조회조건설정" type="Flow" name="ExecuteScript" displayName="ExecuteScript" callDepth="1" depth="4" num="9" result="Pass" start="2025-04-28T03:51:23.323" end="2025-04-28T03:51:23.423" displayTime="0.1s">
    <Variables>
      <Variable name="arr1_Period" scope="Global" declareType="Any" isChanged="false" isChangable="true" runtimeType="Undefined" value="&lt;undefined&gt;" />
      <Variable name="i_str_InputPeriod" scope="Input" owner="T_03_작업조회조건설정" declareType="Any" isChanged="false" isChangable="true" runtimeType="String" value="'2025-04'" />
    </Variables>
    <Properties setIndex="0">
      <Property value="" runtimeType="String" key="Options_OnError" displayKey="On Error" visible="true" required="false" />
      <Property value="" runtimeType="String" key="Key_Description" displayKey="Description" visible="true" required="false" />
      <Property value="인풋값으로 조회 조건 변경" runtimeType="String" key="Conditions_Title" displayKey="Title" visible="true" required="true" />
      <Property value="&lt;Too Long&gt; &#xD;&#xA;this.i_str_InputPeriod = this.i_str_InputPeriod.trim();&#xD;&#xA;&#xD;&#xA;if(this.i_str_InputPeriod.includes('년') ... 1032 more" runtimeType="String" key="Key_Script" displayKey="Script" visible="true" required="false" />
    </Properties>
  </Step>
  <Step id="Sbce031d093b64ee78bfb3756c14505ff" taskName="T_03_작업조회조건설정" type="Flow" name="EndTryCatch" displayName="End-TryCatch" callDepth="1" depth="4" num="10" result="Pass" start="2025-04-28T03:51:23.434" end="2025-04-28T03:51:23.435" displayTime="0s">
    <Variables />
    <Properties setIndex="0">
      <Property value="" runtimeType="String" key="Key_Description" displayKey="Description" visible="true" required="false" />
      <Property value=" : '&lt;error-evaluate_debug_value:&gt;'" runtimeType="String" key="Conditions_ErrorMessage" displayKey="ErrorMessage" visible="true" required="false" />
      <Property value="E_날짜형식오류" runtimeType="String" key="Conditions_OnException" displayKey="On Exception" visible="true" required="false" />
    </Properties>
  </Step>
  <Step id="S13a2701ae7a244e4ab4a122fa3bbd97f" taskName="T_03_작업조회조건설정" type="Flow" name="ExecuteScript" displayName="ExecuteScript" callDepth="1" depth="3" num="11" result="Pass" start="2025-04-28T03:51:23.450" end="2025-04-28T03:51:23.499" displayTime="0s">
    <Variables>
      <Variable name="arr1_Period" scope="Global" declareType="Any" isChanged="false" isChangable="true" runtimeType="Array1D" value="['2025년', '04월']" />
      <Variable name="is_PeriodCorrect" scope="Normal" owner="T_03_작업조회조건설정" declareType="Any" isChanged="false" isChangable="true" runtimeType="Undefined" value="&lt;undefined&gt;" />
    </Variables>
    <Properties setIndex="0">
      <Property value="" runtimeType="String" key="Options_OnError" displayKey="On Error" visible="true" required="false" />
      <Property value="" runtimeType="String" key="Key_Description" displayKey="Description" visible="true" required="false" />
      <Property value="가능 날짜 조회" runtimeType="String" key="Conditions_Title" displayKey="Title" visible="true" required="true" />
      <Property value="&lt;Too Long&gt; &#xD;&#xA;&#xD;&#xA;str_Period=Global.arr1_Period[0].slice(0,4)+'-'+Global.arr1_Period[1].slice(0,2);&#xD;&#xA;&#xD;&#xA;str_StartPe ... 338 more" runtimeType="String" key="Key_Script" displayKey="Script" visible="true" required="false" />
    </Properties>
  </Step>
  <Step id="S41280f4c8f1a4555aa64c162038c0b06" taskName="T_03_작업조회조건설정" type="Flow" name="ExecuteScript" displayName="ExecuteScript" callDepth="1" depth="3" num="12" result="Pass" start="2025-04-28T03:51:23.513" end="2025-04-28T03:51:23.518" displayTime="0s">
    <Variables>
      <Variable name="arr1_Period" scope="Global" declareType="Any" isChanged="false" isChangable="true" runtimeType="Array1D" value="['2025년', '04월']" />
      <Variable name="is_PeriodCorrect" scope="Normal" owner="T_03_작업조회조건설정" declareType="Any" isChanged="false" isChangable="true" runtimeType="Boolean" value="false" />
    </Variables>
    <Properties setIndex="0">
      <Property value="" runtimeType="String" key="Options_OnError" displayKey="On Error" visible="true" required="false" />
      <Property value="" runtimeType="String" key="Key_Description" displayKey="Description" visible="true" required="false" />
      <Property value="dd" runtimeType="String" key="Conditions_Title" displayKey="Title" visible="true" required="true" />
      <Property value="Bot.Warn('이거임'+ToString(Global.arr1_Period)+this.is_PeriodCorrect)" runtimeType="String" key="Key_Script" displayKey="Script" visible="true" required="false" />
    </Properties>
  </Step>
  <Step id="S4d6f45df485249d5a1083fc4c660c4e9" taskName="T_03_작업조회조건설정" type="Desktop" name="InputBox" displayName="InputBox" callDepth="1" depth="3" num="7" result="Pass" start="2025-04-28T03:51:23.529" end="2025-04-28T03:51:30.572" displayTime="7s">
    <Variables>
      <Variable name="i_str_InputPeriod" scope="Input" owner="T_03_작업조회조건설정" declareType="Any" isChanged="false" isChangable="true" runtimeType="String" value="'2025-04'" />
    </Variables>
    <Properties setIndex="0">
      <Property value="" runtimeType="String" key="Options_OnError" displayKey="On Error" visible="true" required="false" />
      <Property value="" runtimeType="String" key="Key_Description" displayKey="Description" visible="true" required="false" />
      <Property value="this.i_str_InputPeriod : '2022-12'" runtimeType="String" key="Conditions_Variable" displayKey="Variable" visible="true" required="true" />
      <Property value="Text" runtimeType="String" key="Conditions_PromptType" displayKey="Prompt Type" visible="true" required="true" />
      <Property value="''" runtimeType="String" key="Conditions_DefaultValue" displayKey="Default Value" visible="true" required="false" />
      <Property value="''" runtimeType="String" key="Conditions_DefaultItem" displayKey="Default Value" visible="false" required="false" />
      <Property value="''" runtimeType="String" key="Conditions_PromptMessage" displayKey="Guide Message" visible="true" required="false" />
      <Property value="600" runtimeType="Integer" key="Conditions_TimeoutSec" displayKey="Timeout(Sec)" visible="true" required="true" />
    </Properties>
  </Step>
  <Step id="S3745203890be4c7ea6f1246b8d0689b5" taskName="T_03_작업조회조건설정" type="Flow" name="TryCatch" displayName="TryCatch" callDepth="1" depth="3" num="8" result="Pass" start="2025-04-28T03:51:30.575" end="2025-04-28T03:51:30.576" displayTime="0s">
    <Variables />
    <Properties setIndex="0">
      <Property value="" runtimeType="String" key="Key_Description" displayKey="Description" visible="true" required="false" />
    </Properties>
  </Step>
  <Step id="S2b0adf59227443c585a49e3f6e7a20ea" taskName="T_03_작업조회조건설정" type="Flow" name="ExecuteScript" displayName="ExecuteScript" callDepth="1" depth="4" num="9" result="Pass" start="2025-04-28T03:51:30.578" end="2025-04-28T03:51:30.582" displayTime="0s">
    <Variables>
      <Variable name="arr1_Period" scope="Global" declareType="Any" isChanged="false" isChangable="true" runtimeType="Array1D" value="['2025년', '04월']" />
      <Variable name="i_str_InputPeriod" scope="Input" owner="T_03_작업조회조건설정" declareType="Any" isChanged="false" isChangable="true" runtimeType="String" value="'2022-12'" />
    </Variables>
    <Properties setIndex="0">
      <Property value="" runtimeType="String" key="Options_OnError" displayKey="On Error" visible="true" required="false" />
      <Property value="" runtimeType="String" key="Key_Description" displayKey="Description" visible="true" required="false" />
      <Property value="인풋값으로 조회 조건 변경" runtimeType="String" key="Conditions_Title" displayKey="Title" visible="true" required="true" />
      <Property value="&lt;Too Long&gt; &#xD;&#xA;this.i_str_InputPeriod = this.i_str_InputPeriod.trim();&#xD;&#xA;&#xD;&#xA;if(this.i_str_InputPeriod.includes('년') ... 1032 more" runtimeType="String" key="Key_Script" displayKey="Script" visible="true" required="false" />
    </Properties>
  </Step>
  <Step id="Sbce031d093b64ee78bfb3756c14505ff" taskName="T_03_작업조회조건설정" type="Flow" name="EndTryCatch" displayName="End-TryCatch" callDepth="1" depth="4" num="10" result="Pass" start="2025-04-28T03:51:30.595" end="2025-04-28T03:51:30.597" displayTime="0s">
    <Variables />
    <Properties setIndex="0">
      <Property value="" runtimeType="String" key="Key_Description" displayKey="Description" visible="true" required="false" />
      <Property value=" : '&lt;error-evaluate_debug_value:&gt;'" runtimeType="String" key="Conditions_ErrorMessage" displayKey="ErrorMessage" visible="true" required="false" />
      <Property value="E_날짜형식오류" runtimeType="String" key="Conditions_OnException" displayKey="On Exception" visible="true" required="false" />
    </Properties>
  </Step>
  <Step id="S13a2701ae7a244e4ab4a122fa3bbd97f" taskName="T_03_작업조회조건설정" type="Flow" name="ExecuteScript" displayName="ExecuteScript" callDepth="1" depth="3" num="11" result="Pass" start="2025-04-28T03:51:30.611" end="2025-04-28T03:51:30.620" displayTime="0s">
    <Variables>
      <Variable name="arr1_Period" scope="Global" declareType="Any" isChanged="false" isChangable="true" runtimeType="Array1D" value="['2022년', '12월']" />
      <Variable name="is_PeriodCorrect" scope="Normal" owner="T_03_작업조회조건설정" declareType="Any" isChanged="false" isChangable="true" runtimeType="Boolean" value="false" />
    </Variables>
    <Properties setIndex="0">
      <Property value="" runtimeType="String" key="Options_OnError" displayKey="On Error" visible="true" required="false" />
      <Property value="" runtimeType="String" key="Key_Description" displayKey="Description" visible="true" required="false" />
      <Property value="가능 날짜 조회" runtimeType="String" key="Conditions_Title" displayKey="Title" visible="true" required="true" />
      <Property value="&lt;Too Long&gt; &#xD;&#xA;&#xD;&#xA;str_Period=Global.arr1_Period[0].slice(0,4)+'-'+Global.arr1_Period[1].slice(0,2);&#xD;&#xA;&#xD;&#xA;str_StartPe ... 338 more" runtimeType="String" key="Key_Script" displayKey="Script" visible="true" required="false" />
    </Properties>
  </Step>
  <Step id="S41280f4c8f1a4555aa64c162038c0b06" taskName="T_03_작업조회조건설정" type="Flow" name="ExecuteScript" displayName="ExecuteScript" callDepth="1" depth="3" num="12" result="Pass" start="2025-04-28T03:51:30.626" end="2025-04-28T03:51:30.629" displayTime="0s">
    <Variables>
      <Variable name="arr1_Period" scope="Global" declareType="Any" isChanged="false" isChangable="true" runtimeType="Array1D" value="['2022년', '12월']" />
      <Variable name="is_PeriodCorrect" scope="Normal" owner="T_03_작업조회조건설정" declareType="Any" isChanged="false" isChangable="true" runtimeType="Boolean" value="false" />
    </Variables>
    <Properties setIndex="0">
      <Property value="" runtimeType="String" key="Options_OnError" displayKey="On Error" visible="true" required="false" />
      <Property value="" runtimeType="String" key="Key_Description" displayKey="Description" visible="true" required="false" />
      <Property value="dd" runtimeType="String" key="Conditions_Title" displayKey="Title" visible="true" required="true" />
      <Property value="Bot.Warn('이거임'+ToString(Global.arr1_Period)+this.is_PeriodCorrect)" runtimeType="String" key="Key_Script" displayKey="Script" visible="true" required="false" />
    </Properties>
  </Step>
  <Step id="S4d6f45df485249d5a1083fc4c660c4e9" taskName="T_03_작업조회조건설정" type="Desktop" name="InputBox" displayName="InputBox" callDepth="1" depth="3" num="7" result="Pass" start="2025-04-28T03:51:30.641" end="2025-04-28T03:51:44.790" displayTime="14.1s">
    <Variables>
      <Variable name="i_str_InputPeriod" scope="Input" owner="T_03_작업조회조건설정" declareType="Any" isChanged="false" isChangable="true" runtimeType="String" value="'2022-12'" />
    </Variables>
    <Properties setIndex="0">
      <Property value="" runtimeType="String" key="Options_OnError" displayKey="On Error" visible="true" required="false" />
      <Property value="" runtimeType="String" key="Key_Description" displayKey="Description" visible="true" required="false" />
      <Property value="this.i_str_InputPeriod : '2025-03'" runtimeType="String" key="Conditions_Variable" displayKey="Variable" visible="true" required="true" />
      <Property value="Text" runtimeType="String" key="Conditions_PromptType" displayKey="Prompt Type" visible="true" required="true" />
      <Property value="''" runtimeType="String" key="Conditions_DefaultValue" displayKey="Default Value" visible="true" required="false" />
      <Property value="''" runtimeType="String" key="Conditions_DefaultItem" displayKey="Default Value" visible="false" required="false" />
      <Property value="''" runtimeType="String" key="Conditions_PromptMessage" displayKey="Guide Message" visible="true" required="false" />
      <Property value="600" runtimeType="Integer" key="Conditions_TimeoutSec" displayKey="Timeout(Sec)" visible="true" required="true" />
    </Properties>
  </Step>
  <Step id="S3745203890be4c7ea6f1246b8d0689b5" taskName="T_03_작업조회조건설정" type="Flow" name="TryCatch" displayName="TryCatch" callDepth="1" depth="3" num="8" result="Pass" start="2025-04-28T03:51:44.792" end="2025-04-28T03:51:44.793" displayTime="0s">
    <Variables />
    <Properties setIndex="0">
      <Property value="" runtimeType="String" key="Key_Description" displayKey="Description" visible="true" required="false" />
    </Properties>
  </Step>
  <Step id="S2b0adf59227443c585a49e3f6e7a20ea" taskName="T_03_작업조회조건설정" type="Flow" name="ExecuteScript" displayName="ExecuteScript" callDepth="1" depth="4" num="9" result="Pass" start="2025-04-28T03:51:44.795" end="2025-04-28T03:51:44.799" displayTime="0s">
    <Variables>
      <Variable name="arr1_Period" scope="Global" declareType="Any" isChanged="false" isChangable="true" runtimeType="Array1D" value="['2022년', '12월']" />
      <Variable name="i_str_InputPeriod" scope="Input" owner="T_03_작업조회조건설정" declareType="Any" isChanged="false" isChangable="true" runtimeType="String" value="'2025-03'" />
    </Variables>
    <Properties setIndex="0">
      <Property value="" runtimeType="String" key="Options_OnError" displayKey="On Error" visible="true" required="false" />
      <Property value="" runtimeType="String" key="Key_Description" displayKey="Description" visible="true" required="false" />
      <Property value="인풋값으로 조회 조건 변경" runtimeType="String" key="Conditions_Title" displayKey="Title" visible="true" required="true" />
      <Property value="&lt;Too Long&gt; &#xD;&#xA;this.i_str_InputPeriod = this.i_str_InputPeriod.trim();&#xD;&#xA;&#xD;&#xA;if(this.i_str_InputPeriod.includes('년') ... 1032 more" runtimeType="String" key="Key_Script" displayKey="Script" visible="true" required="false" />
    </Properties>
  </Step>
  <Step id="Sbce031d093b64ee78bfb3756c14505ff" taskName="T_03_작업조회조건설정" type="Flow" name="EndTryCatch" displayName="End-TryCatch" callDepth="1" depth="4" num="10" result="Pass" start="2025-04-28T03:51:44.801" end="2025-04-28T03:51:44.803" displayTime="0s">
    <Variables />
    <Properties setIndex="0">
      <Property value="" runtimeType="String" key="Key_Description" displayKey="Description" visible="true" required="false" />
      <Property value=" : '&lt;error-evaluate_debug_value:&gt;'" runtimeType="String" key="Conditions_ErrorMessage" displayKey="ErrorMessage" visible="true" required="false" />
      <Property value="E_날짜형식오류" runtimeType="String" key="Conditions_OnException" displayKey="On Exception" visible="true" required="false" />
    </Properties>
  </Step>
  <Step id="S13a2701ae7a244e4ab4a122fa3bbd97f" taskName="T_03_작업조회조건설정" type="Flow" name="ExecuteScript" displayName="ExecuteScript" callDepth="1" depth="3" num="11" result="Pass" start="2025-04-28T03:51:44.806" end="2025-04-28T03:51:44.814" displayTime="0s">
    <Variables>
      <Variable name="arr1_Period" scope="Global" declareType="Any" isChanged="false" isChangable="true" runtimeType="Array1D" value="['2025년', '03월']" />
      <Variable name="is_PeriodCorrect" scope="Normal" owner="T_03_작업조회조건설정" declareType="Any" isChanged="false" isChangable="true" runtimeType="Boolean" value="false" />
    </Variables>
    <Properties setIndex="0">
      <Property value="" runtimeType="String" key="Options_OnError" displayKey="On Error" visible="true" required="false" />
      <Property value="" runtimeType="String" key="Key_Description" displayKey="Description" visible="true" required="false" />
      <Property value="가능 날짜 조회" runtimeType="String" key="Conditions_Title" displayKey="Title" visible="true" required="true" />
      <Property value="&lt;Too Long&gt; &#xD;&#xA;&#xD;&#xA;str_Period=Global.arr1_Period[0].slice(0,4)+'-'+Global.arr1_Period[1].slice(0,2);&#xD;&#xA;&#xD;&#xA;str_StartPe ... 338 more" runtimeType="String" key="Key_Script" displayKey="Script" visible="true" required="false" />
    </Properties>
  </Step>
  <Step id="S41280f4c8f1a4555aa64c162038c0b06" taskName="T_03_작업조회조건설정" type="Flow" name="ExecuteScript" displayName="ExecuteScript" callDepth="1" depth="3" num="12" result="Pass" start="2025-04-28T03:51:44.826" end="2025-04-28T03:51:44.830" displayTime="0s">
    <Variables>
      <Variable name="arr1_Period" scope="Global" declareType="Any" isChanged="false" isChangable="true" runtimeType="Array1D" value="['2025년', '03월']" />
      <Variable name="is_PeriodCorrect" scope="Normal" owner="T_03_작업조회조건설정" declareType="Any" isChanged="false" isChangable="true" runtimeType="Boolean" value="true" />
    </Variables>
    <Properties setIndex="0">
      <Property value="" runtimeType="String" key="Options_OnError" displayKey="On Error" visible="true" required="false" />
      <Property value="" runtimeType="String" key="Key_Description" displayKey="Description" visible="true" required="false" />
      <Property value="dd" runtimeType="String" key="Conditions_Title" displayKey="Title" visible="true" required="true" />
      <Property value="Bot.Warn('이거임'+ToString(Global.arr1_Period)+this.is_PeriodCorrect)" runtimeType="String" key="Key_Script" displayKey="Script" visible="true" required="false" />
    </Properties>
  </Step>
  <Step id="S4d6f45df485249d5a1083fc4c660c4e9" taskName="T_03_작업조회조건설정" type="Desktop" name="InputBox" displayName="InputBox" callDepth="1" depth="3" num="7" result="Pass" start="2025-04-28T03:51:44.843" end="2025-04-28T03:51:51.480" displayTime="6.6s">
    <Variables>
      <Variable name="i_str_InputPeriod" scope="Input" owner="T_03_작업조회조건설정" declareType="Any" isChanged="false" isChangable="true" runtimeType="String" value="'2025-03'" />
    </Variables>
    <Properties setIndex="0">
      <Property value="" runtimeType="String" key="Options_OnError" displayKey="On Error" visible="true" required="false" />
      <Property value="" runtimeType="String" key="Key_Description" displayKey="Description" visible="true" required="false" />
      <Property value="this.i_str_InputPeriod : '2023-12'" runtimeType="String" key="Conditions_Variable" displayKey="Variable" visible="true" required="true" />
      <Property value="Text" runtimeType="String" key="Conditions_PromptType" displayKey="Prompt Type" visible="true" required="true" />
      <Property value="''" runtimeType="String" key="Conditions_DefaultValue" displayKey="Default Value" visible="true" required="false" />
      <Property value="''" runtimeType="String" key="Conditions_DefaultItem" displayKey="Default Value" visible="false" required="false" />
      <Property value="''" runtimeType="String" key="Conditions_PromptMessage" displayKey="Guide Message" visible="true" required="false" />
      <Property value="600" runtimeType="Integer" key="Conditions_TimeoutSec" displayKey="Timeout(Sec)" visible="true" required="true" />
    </Properties>
  </Step>
  <Step id="S3745203890be4c7ea6f1246b8d0689b5" taskName="T_03_작업조회조건설정" type="Flow" name="TryCatch" displayName="TryCatch" callDepth="1" depth="3" num="8" result="Pass" start="2025-04-28T03:51:51.484" end="2025-04-28T03:51:51.484" displayTime="0s">
    <Variables />
    <Properties setIndex="0">
      <Property value="" runtimeType="String" key="Key_Description" displayKey="Description" visible="true" required="false" />
    </Properties>
  </Step>
  <Step id="S2b0adf59227443c585a49e3f6e7a20ea" taskName="T_03_작업조회조건설정" type="Flow" name="ExecuteScript" displayName="ExecuteScript" callDepth="1" depth="4" num="9" result="Pass" start="2025-04-28T03:51:51.492" end="2025-04-28T03:51:51.495" displayTime="0s">
    <Variables>
      <Variable name="arr1_Period" scope="Global" declareType="Any" isChanged="false" isChangable="true" runtimeType="Array1D" value="['2025년', '03월']" />
      <Variable name="i_str_InputPeriod" scope="Input" owner="T_03_작업조회조건설정" declareType="Any" isChanged="false" isChangable="true" runtimeType="String" value="'2023-12'" />
    </Variables>
    <Properties setIndex="0">
      <Property value="" runtimeType="String" key="Options_OnError" displayKey="On Error" visible="true" required="false" />
      <Property value="" runtimeType="String" key="Key_Description" displayKey="Description" visible="true" required="false" />
      <Property value="인풋값으로 조회 조건 변경" runtimeType="String" key="Conditions_Title" displayKey="Title" visible="true" required="true" />
      <Property value="&lt;Too Long&gt; &#xD;&#xA;this.i_str_InputPeriod = this.i_str_InputPeriod.trim();&#xD;&#xA;&#xD;&#xA;if(this.i_str_InputPeriod.includes('년') ... 1032 more" runtimeType="String" key="Key_Script" displayKey="Script" visible="true" required="false" />
    </Properties>
  </Step>
  <Step id="Sbce031d093b64ee78bfb3756c14505ff" taskName="T_03_작업조회조건설정" type="Flow" name="EndTryCatch" displayName="End-TryCatch" callDepth="1" depth="4" num="10" result="Pass" start="2025-04-28T03:51:51.506" end="2025-04-28T03:51:51.507" displayTime="0s">
    <Variables />
    <Properties setIndex="0">
      <Property value="" runtimeType="String" key="Key_Description" displayKey="Description" visible="true" required="false" />
      <Property value=" : '&lt;error-evaluate_debug_value:&gt;'" runtimeType="String" key="Conditions_ErrorMessage" displayKey="ErrorMessage" visible="true" required="false" />
      <Property value="E_날짜형식오류" runtimeType="String" key="Conditions_OnException" displayKey="On Exception" visible="true" required="false" />
    </Properties>
  </Step>
  <Step id="S13a2701ae7a244e4ab4a122fa3bbd97f" taskName="T_03_작업조회조건설정" type="Flow" name="ExecuteScript" displayName="ExecuteScript" callDepth="1" depth="3" num="11" result="Pass" start="2025-04-28T03:51:51.521" end="2025-04-28T03:51:51.525" displayTime="0s">
    <Variables>
      <Variable name="arr1_Period" scope="Global" declareType="Any" isChanged="false" isChangable="true" runtimeType="Array1D" value="['2023년', '12월']" />
      <Variable name="is_PeriodCorrect" scope="Normal" owner="T_03_작업조회조건설정" declareType="Any" isChanged="false" isChangable="true" runtimeType="Boolean" value="true" />
    </Variables>
    <Properties setIndex="0">
      <Property value="" runtimeType="String" key="Options_OnError" displayKey="On Error" visible="true" required="false" />
      <Property value="" runtimeType="String" key="Key_Description" displayKey="Description" visible="true" required="false" />
      <Property value="가능 날짜 조회" runtimeType="String" key="Conditions_Title" displayKey="Title" visible="true" required="true" />
      <Property value="&lt;Too Long&gt; &#xD;&#xA;&#xD;&#xA;str_Period=Global.arr1_Period[0].slice(0,4)+'-'+Global.arr1_Period[1].slice(0,2);&#xD;&#xA;&#xD;&#xA;str_StartPe ... 338 more" runtimeType="String" key="Key_Script" displayKey="Script" visible="true" required="false" />
    </Properties>
  </Step>
  <Step id="S41280f4c8f1a4555aa64c162038c0b06" taskName="T_03_작업조회조건설정" type="Flow" name="ExecuteScript" displayName="ExecuteScript" callDepth="1" depth="3" num="12" result="Pass" start="2025-04-28T03:51:51.537" end="2025-04-28T03:51:51.539" displayTime="0s">
    <Variables>
      <Variable name="arr1_Period" scope="Global" declareType="Any" isChanged="false" isChangable="true" runtimeType="Array1D" value="['2023년', '12월']" />
      <Variable name="is_PeriodCorrect" scope="Normal" owner="T_03_작업조회조건설정" declareType="Any" isChanged="false" isChangable="true" runtimeType="Boolean" value="true" />
    </Variables>
    <Properties setIndex="0">
      <Property value="" runtimeType="String" key="Options_OnError" displayKey="On Error" visible="true" required="false" />
      <Property value="" runtimeType="String" key="Key_Description" displayKey="Description" visible="true" required="false" />
      <Property value="dd" runtimeType="String" key="Conditions_Title" displayKey="Title" visible="true" required="true" />
      <Property value="Bot.Warn('이거임'+ToString(Global.arr1_Period)+this.is_PeriodCorrect)" runtimeType="String" key="Key_Script" displayKey="Script" visible="true" required="false" />
    </Properties>
  </Step>
  <Step id="S4d6f45df485249d5a1083fc4c660c4e9" taskName="T_03_작업조회조건설정" type="Desktop" name="InputBox" displayName="InputBox" callDepth="1" depth="3" num="7" result="Pass" start="2025-04-28T03:51:51.552" end="2025-04-28T03:51:59.104" displayTime="7.6s">
    <Variables>
      <Variable name="i_str_InputPeriod" scope="Input" owner="T_03_작업조회조건설정" declareType="Any" isChanged="false" isChangable="true" runtimeType="String" value="'2023-12'" />
    </Variables>
    <Properties setIndex="0">
      <Property value="" runtimeType="String" key="Options_OnError" displayKey="On Error" visible="true" required="false" />
      <Property value="" runtimeType="String" key="Key_Description" displayKey="Description" visible="true" required="false" />
      <Property value="this.i_str_InputPeriod : '2024-11'" runtimeType="String" key="Conditions_Variable" displayKey="Variable" visible="true" required="true" />
      <Property value="Text" runtimeType="String" key="Conditions_PromptType" displayKey="Prompt Type" visible="true" required="true" />
      <Property value="''" runtimeType="String" key="Conditions_DefaultValue" displayKey="Default Value" visible="true" required="false" />
      <Property value="''" runtimeType="String" key="Conditions_DefaultItem" displayKey="Default Value" visible="false" required="false" />
      <Property value="''" runtimeType="String" key="Conditions_PromptMessage" displayKey="Guide Message" visible="true" required="false" />
      <Property value="600" runtimeType="Integer" key="Conditions_TimeoutSec" displayKey="Timeout(Sec)" visible="true" required="true" />
    </Properties>
  </Step>
  <Step id="S3745203890be4c7ea6f1246b8d0689b5" taskName="T_03_작업조회조건설정" type="Flow" name="TryCatch" displayName="TryCatch" callDepth="1" depth="3" num="8" result="Pass" start="2025-04-28T03:51:59.106" end="2025-04-28T03:51:59.107" displayTime="0s">
    <Variables />
    <Properties setIndex="0">
      <Property value="" runtimeType="String" key="Key_Description" displayKey="Description" visible="true" required="false" />
    </Properties>
  </Step>
  <Step id="S2b0adf59227443c585a49e3f6e7a20ea" taskName="T_03_작업조회조건설정" type="Flow" name="ExecuteScript" displayName="ExecuteScript" callDepth="1" depth="4" num="9" result="Pass" start="2025-04-28T03:51:59.111" end="2025-04-28T03:51:59.115" displayTime="0s">
    <Variables>
      <Variable name="arr1_Period" scope="Global" declareType="Any" isChanged="false" isChangable="true" runtimeType="Array1D" value="['2023년', '12월']" />
      <Variable name="i_str_InputPeriod" scope="Input" owner="T_03_작업조회조건설정" declareType="Any" isChanged="false" isChangable="true" runtimeType="String" value="'2024-11'" />
    </Variables>
    <Properties setIndex="0">
      <Property value="" runtimeType="String" key="Options_OnError" displayKey="On Error" visible="true" required="false" />
      <Property value="" runtimeType="String" key="Key_Description" displayKey="Description" visible="true" required="false" />
      <Property value="인풋값으로 조회 조건 변경" runtimeType="String" key="Conditions_Title" displayKey="Title" visible="true" required="true" />
      <Property value="&lt;Too Long&gt; &#xD;&#xA;this.i_str_InputPeriod = this.i_str_InputPeriod.trim();&#xD;&#xA;&#xD;&#xA;if(this.i_str_InputPeriod.includes('년') ... 1032 more" runtimeType="String" key="Key_Script" displayKey="Script" visible="true" required="false" />
    </Properties>
  </Step>
  <Step id="Sbce031d093b64ee78bfb3756c14505ff" taskName="T_03_작업조회조건설정" type="Flow" name="EndTryCatch" displayName="End-TryCatch" callDepth="1" depth="4" num="10" result="Pass" start="2025-04-28T03:51:59.127" end="2025-04-28T03:51:59.128" displayTime="0s">
    <Variables />
    <Properties setIndex="0">
      <Property value="" runtimeType="String" key="Key_Description" displayKey="Description" visible="true" required="false" />
      <Property value=" : '&lt;error-evaluate_debug_value:&gt;'" runtimeType="String" key="Conditions_ErrorMessage" displayKey="ErrorMessage" visible="true" required="false" />
      <Property value="E_날짜형식오류" runtimeType="String" key="Conditions_OnException" displayKey="On Exception" visible="true" required="false" />
    </Properties>
  </Step>
  <Step id="S13a2701ae7a244e4ab4a122fa3bbd97f" taskName="T_03_작업조회조건설정" type="Flow" name="ExecuteScript" displayName="ExecuteScript" callDepth="1" depth="3" num="11" result="Pass" start="2025-04-28T03:51:59.143" end="2025-04-28T03:51:59.149" displayTime="0s">
    <Variables>
      <Variable name="arr1_Period" scope="Global" declareType="Any" isChanged="false" isChangable="true" runtimeType="Array1D" value="['2024년', '11월']" />
      <Variable name="is_PeriodCorrect" scope="Normal" owner="T_03_작업조회조건설정" declareType="Any" isChanged="false" isChangable="true" runtimeType="Boolean" value="true" />
    </Variables>
    <Properties setIndex="0">
      <Property value="" runtimeType="String" key="Options_OnError" displayKey="On Error" visible="true" required="false" />
      <Property value="" runtimeType="String" key="Key_Description" displayKey="Description" visible="true" required="false" />
      <Property value="가능 날짜 조회" runtimeType="String" key="Conditions_Title" displayKey="Title" visible="true" required="true" />
      <Property value="&lt;Too Long&gt; &#xD;&#xA;&#xD;&#xA;str_Period=Global.arr1_Period[0].slice(0,4)+'-'+Global.arr1_Period[1].slice(0,2);&#xD;&#xA;&#xD;&#xA;str_StartPe ... 338 more" runtimeType="String" key="Key_Script" displayKey="Script" visible="true" required="false" />
    </Properties>
  </Step>
  <Step id="S41280f4c8f1a4555aa64c162038c0b06" taskName="T_03_작업조회조건설정" type="Flow" name="ExecuteScript" displayName="ExecuteScript" callDepth="1" depth="3" num="12" result="Pass" start="2025-04-28T03:51:59.159" end="2025-04-28T03:51:59.161" displayTime="0s">
    <Variables>
      <Variable name="arr1_Period" scope="Global" declareType="Any" isChanged="false" isChangable="true" runtimeType="Array1D" value="['2024년', '11월']" />
      <Variable name="is_PeriodCorrect" scope="Normal" owner="T_03_작업조회조건설정" declareType="Any" isChanged="false" isChangable="true" runtimeType="Boolean" value="true" />
    </Variables>
    <Properties setIndex="0">
      <Property value="" runtimeType="String" key="Options_OnError" displayKey="On Error" visible="true" required="false" />
      <Property value="" runtimeType="String" key="Key_Description" displayKey="Description" visible="true" required="false" />
      <Property value="dd" runtimeType="String" key="Conditions_Title" displayKey="Title" visible="true" required="true" />
      <Property value="Bot.Warn('이거임'+ToString(Global.arr1_Period)+this.is_PeriodCorrect)" runtimeType="String" key="Key_Script" displayKey="Script" visible="true" required="false" />
    </Properties>
  </Step>
  <Step id="S4d6f45df485249d5a1083fc4c660c4e9" taskName="T_03_작업조회조건설정" type="Desktop" name="InputBox" displayName="InputBox" callDepth="1" depth="3" num="7" result="Pass" start="2025-04-28T03:51:59.175" end="2025-04-28T03:52:01.466" displayTime="2.3s">
    <Variables>
      <Variable name="i_str_InputPeriod" scope="Input" owner="T_03_작업조회조건설정" declareType="Any" isChanged="false" isChangable="true" runtimeType="String" value="'2024-11'" />
    </Variables>
    <Properties setIndex="0">
      <Property value="" runtimeType="String" key="Options_OnError" displayKey="On Error" visible="true" required="false" />
      <Property value="" runtimeType="String" key="Key_Description" displayKey="Description" visible="true" required="false" />
      <Property value="this.i_str_InputPeriod : " runtimeType="Any" key="Conditions_Variable" displayKey="Variable" visible="true" required="true" />
      <Property value="Text" runtimeType="String" key="Conditions_PromptType" displayKey="Prompt Type" visible="true" required="true" />
      <Property value="''" runtimeType="String" key="Conditions_DefaultValue" displayKey="Default Value" visible="true" required="false" />
      <Property value="''" runtimeType="String" key="Conditions_DefaultItem" displayKey="Default Value" visible="false" required="false" />
      <Property value="''" runtimeType="String" key="Conditions_PromptMessage" displayKey="Guide Message" visible="true" required="false" />
      <Property value="600" runtimeType="Integer" key="Conditions_TimeoutSec" displayKey="Timeout(Sec)" visible="true" required="true" />
    </Properties>
  </Step>
  <Step id="S3745203890be4c7ea6f1246b8d0689b5" taskName="T_03_작업조회조건설정" type="Flow" name="TryCatch" displayName="TryCatch" callDepth="1" depth="3" num="8" result="Pass" start="2025-04-28T03:52:01.482" end="2025-04-28T03:52:01.482" displayTime="0s">
    <Variables />
    <Properties setIndex="0">
      <Property value="" runtimeType="String" key="Key_Description" displayKey="Description" visible="true" required="false" />
    </Properties>
  </Step>
  <Step id="S2b0adf59227443c585a49e3f6e7a20ea" taskName="T_03_작업조회조건설정" type="Flow" name="ExecuteScript" displayName="ExecuteScript" callDepth="1" depth="4" num="9" result="Fail" start="2025-04-28T03:52:01.498" end="2025-04-28T03:52:03.311" displayTime="1.8s">
    <Variables>
      <Variable name="arr1_Period" scope="Global" declareType="Any" isChanged="false" isChangable="true" runtimeType="Array1D" value="['2024년', '11월']" />
      <Variable name="i_str_InputPeriod" scope="Input" owner="T_03_작업조회조건설정" declareType="Any" isChanged="false" isChangable="true" runtimeType="Any" value="&lt;null&gt;" />
    </Variables>
    <Properties setIndex="0">
      <Property value="" runtimeType="String" key="Options_OnError" displayKey="On Error" visible="true" required="false" />
      <Property value="" runtimeType="String" key="Key_Description" displayKey="Description" visible="true" required="false" />
      <Property value="인풋값으로 조회 조건 변경" runtimeType="String" key="Conditions_Title" displayKey="Title" visible="true" required="true" />
      <Property value="&lt;Too Long&gt; &#xD;&#xA;this.i_str_InputPeriod = this.i_str_InputPeriod.trim();&#xD;&#xA;&#xD;&#xA;if(this.i_str_InputPeriod.includes('년') ... 1032 more" runtimeType="String" key="Key_Script" displayKey="Script" visible="true" required="false" />
    </Properties>
  </Step>
  <JobInfo>
    <Info name="Bot Version" value="3.1.125.00226" />
    <Info name="Resolution" value="1920 x 1080" />
    <Info name="Language" value="한국어 (대한민국)" />
    <Info name="BotID" value="S-DESIGNER-OY53F" />
  </JobInfo>
</Result>