<?xml version="1.0" encoding="utf-8"?>
<Result id="1129b78b-ed75-4df3-af8f-d08bae3583f3" name="P_제조사별판매실적조회" result="Stop" detail="Process: P_제조사별판매실적조회&#xA;&#xA;Process: P_제조사별판매실적조회&#xA;Task: T_04_웹사이트접속&#xA;Step: ChromeOpen (1/1)&#xA;변수 'Global.ChromeBrowser'에는 이미 ChromeOpen을 통해 설정된 브라우저가 존재하여 덮어쓸 수 없습니다.&#xA;Output에 지정된 변수를 변경하거나 ChromeClose를 통해 브라우저를 종료 후 다시 시도하여 주시기 바랍니다.&#xA;&#xA;-- Recent Warning Messages --&#xA;Process: P_제조사별판매실적조회&#xA;Task: T_04_웹사이트접속&#xA;Step: ChromeOpen (1/1)&#xA;&#xA;Error: 변수 'Global.ChromeBrowser'에는 이미 ChromeOpen을 통해 설정된 브라우저가 존재하여 덮어쓸 수 없습니다.&#xA;Output에 지정된 변수를 변경하거나 ChromeClose를 통해 브라우저를 종료 후 다시 시도하여 주시기 바랍니다." start="2025-04-17T03:38:03.718" end="2025-04-17T03:38:08.112" jobId="Designer_20250417_123800_341">
  <Step id="S5f6b31e7f979439fa2921908cf531ba2" taskName="P_제조사별판매실적조회" type="Flow" name="RunTask" displayName="RunTask ('T_04_웹사이트접속')" callDepth="1" depth="1" num="7" result="Pass" start="2025-04-17T03:38:03.789" end="2025-04-17T03:38:03.884" displayTime="0s">
    <Variables />
    <Properties setIndex="0">
      <Property value="" runtimeType="String" key="Options_OnError" displayKey="On Error" visible="true" required="false" />
      <Property value="" runtimeType="String" key="Key_Description" displayKey="Description" visible="true" required="false" />
      <Property value="T_04_웹사이트접속" runtimeType="String" key="Conditions_TaskName" displayKey="Task Name" visible="true" required="false" />
    </Properties>
  </Step>
  <Step id="Sca0bd5df68404c93a3b75aa6bbc2feb9" taskName="T_04_웹사이트접속" type="Chrome" name="ChromeOpen" displayName="ChromeOpen" callDepth="2" depth="1" num="1" result="Fail" start="2025-04-17T03:38:03.900" end="2025-04-17T03:38:08.065" displayTime="4.2s">
    <Variables>
      <Variable name="ChromeBrowser" scope="Global" declareType="Any" isChanged="false" isChangable="true" runtimeType="Undefined" value="&lt;undefined&gt;" />
    </Variables>
    <Properties setIndex="0">
      <Property value="" runtimeType="String" key="Options_OnError" displayKey="On Error" visible="true" required="false" />
      <Property value="" runtimeType="String" key="Key_Description" displayKey="Description" visible="true" required="false" />
      <Property value="Global.ChromeBrowser : &lt;undefined&gt;" runtimeType="Undefined" key="CHROME_Browser" displayKey="Browser" visible="true" required="true" />
      <Property value="Chrome" runtimeType="String" key="CHROME_TypeOfBrowser" displayKey="Browser Type" visible="true" required="false" />
      <Property value="false" runtimeType="Boolean" key="CHROME_BrowserType" displayKey="Headless Mode" visible="true" required="false" />
      <Property value="'https://auto.danawa.com/'" runtimeType="String" key="CHROME_URL" displayKey="URL" visible="true" required="true" />
      <Property value="" runtimeType="String" key="CHROME_ChromePath" displayKey="Browser Path" visible="true" required="false" />
      <Property value="true" runtimeType="Boolean" key="CHROME_Maximize" displayKey="Maximize" visible="true" required="false" />
      <Property value="60" runtimeType="Integer" key="CHROME_WaitTimeSec" displayKey="Page Load Timeout" visible="true" required="false" />
      <Property value="" runtimeType="String" key="CHROME_ExtensionList" displayKey="Included Extensions" visible="true" required="false" />
      <Property value="" runtimeType="String" key="CHROME_DownloadPath" displayKey="Download Path" visible="true" required="false" />
      <Property value="false" runtimeType="Boolean" key="CHROME_WindowsAccountPermissions" displayKey="Windows Account Permissions" visible="true" required="false" />
      <Property value="" runtimeType="String" key="CHROME_UserAgent" displayKey="User Agent" visible="true" required="false" />
      <Property value="false" runtimeType="Boolean" key="CHROME_DisableAutomationControl" displayKey="Disable AutomationControl" visible="true" required="false" />
      <Property value="" runtimeType="String" key="CHROME_UserLaunchOptions" displayKey="Launch Options" visible="true" required="false" />
    </Properties>
  </Step>
  <Step id="S95e73c19695640e0902a33945ee9461d" taskName="T_04_웹사이트접속" type="Flow" name="InternalData" displayName="End-RunTask ('T_04_웹사이트접속') / Return To 'P_제조사별판매실적조회'" callDepth="2" depth="1" num="" result="Internal" start="2025-04-17T03:38:08.109" end="2025-04-17T03:38:08.110" displayTime="0s" />
  <JobInfo>
    <Info name="Bot Version" value="3.1.125.00226" />
    <Info name="Resolution" value="1920 x 1080" />
    <Info name="Language" value="한국어 (대한민국)" />
    <Info name="BotID" value="S-DESIGNER-25EE6" />
  </JobInfo>
</Result>