<?xml version="1.0" encoding="utf-8"?>
<Result id="1129b78b-ed75-4df3-af8f-d08bae3583f3" name="P_제조사별판매실적조회" result="Stop" detail="Process: P_제조사별판매실적조회&#xA;Task: T_01_폴더및파일설정&#xA;Step: Debugger (8/8)&#xA;&#xA;Stopped by User" start="2025-04-17T03:28:31.103" end="2025-04-17T03:28:39.296" jobId="Designer_20250417_122828_320">
  <Step id="S814878b5e5f64d8cae482ee54f51a2f1" taskName="P_제조사별판매실적조회" type="Flow" name="RunTask" displayName="RunTask ('T_01_폴더및파일설정')" callDepth="1" depth="1" num="2" result="Pass" start="2025-04-17T03:28:31.169" end="2025-04-17T03:28:31.265" displayTime="0s">
    <Variables />
    <Properties setIndex="0">
      <Property value="" runtimeType="String" key="Options_OnError" displayKey="On Error" visible="true" required="false" />
      <Property value="" runtimeType="String" key="Key_Description" displayKey="Description" visible="true" required="false" />
      <Property value="T_01_폴더및파일설정" runtimeType="String" key="Conditions_TaskName" displayKey="Task Name" visible="true" required="false" />
    </Properties>
  </Step>
  <Step id="S798f45cec321464fadea346cd5c217c4" taskName="T_01_폴더및파일설정" type="Flow" name="ExecuteScript" displayName="ExecuteScript" callDepth="2" depth="1" num="1" result="Pass" start="2025-04-17T03:28:31.280" end="2025-04-17T03:28:31.298" displayTime="0s">
    <Variables>
      <Variable name="str_LocalFolderPath" scope="Global" declareType="Any" isChanged="false" isChangable="true" runtimeType="String" value="'C:\\RPA교육\\'" />
      <Variable name="str_InputFolderPath" scope="Global" declareType="Any" isChanged="false" isChangable="true" runtimeType="String" value="'C:\\RPA교육\\Input\\'" />
      <Variable name="str_OutputFolderPath" scope="Global" declareType="Any" isChanged="false" isChangable="true" runtimeType="String" value="'C:\\RPA교육\\Output\\'" />
      <Variable name="str_TempFolderPath" scope="Global" declareType="Any" isChanged="false" isChangable="true" runtimeType="String" value="'C:\\RPA교육\\Temp\\'" />
    </Variables>
    <Properties setIndex="0">
      <Property value="" runtimeType="String" key="Options_OnError" displayKey="On Error" visible="true" required="false" />
      <Property value="" runtimeType="String" key="Key_Description" displayKey="Description" visible="true" required="false" />
      <Property value="작업 폴더 생성" runtimeType="String" key="Conditions_Title" displayKey="Title" visible="true" required="true" />
      <Property value="&lt;Too Long&gt; &#xD;&#xA;&#xD;&#xA;str_ProjectFolderPath = Global.str_LocalFolderPath + Bot.ProjectName + '\\';&#xD;&#xA;//기준 프로젝트 내의 프로젝트  ... 471 more" runtimeType="String" key="Key_Script" displayKey="Script" visible="true" required="false" />
    </Properties>
  </Step>
  <Step id="S1134970c004d4e28bca93f41f78bed1d" taskName="T_01_폴더및파일설정" type="Desktop" name="IsFileExist" displayName="IsFileExist" callDepth="2" depth="1" num="2" result="Pass" start="2025-04-17T03:28:31.312" end="2025-04-17T03:28:31.338" displayTime="0s">
    <Variables>
      <Variable name="str_TempFileName" scope="Global" declareType="Any" isChanged="false" isChangable="false" runtimeType="String" value="'보고서_Template.xlsx'" />
      <Variable name="str_TempFolderPath" scope="Global" declareType="Any" isChanged="false" isChangable="false" runtimeType="String" value="'C:\\RPA교육\\제조사별판매실적조회\\Temp\\'" />
      <Variable name="is_TempFileInTempFolder" scope="Normal" owner="T_01_폴더및파일설정" declareType="Any" isChanged="false" isChangable="true" runtimeType="Undefined" value="&lt;undefined&gt;" />
    </Variables>
    <Properties setIndex="0">
      <Property value="" runtimeType="String" key="Options_OnError" displayKey="On Error" visible="true" required="false" />
      <Property value="" runtimeType="String" key="Key_Description" displayKey="Description" visible="true" required="false" />
      <Property value="'C:\\RPA교육\\제조사별판매실적조회\\Temp\\보고서_Template.xlsx'" runtimeType="String" key="Command_Path" displayKey="Path" visible="true" required="true" />
      <Property value="this.is_TempFileInTempFolder : true" runtimeType="Boolean" key="Command_Output" displayKey="Output" visible="true" required="true" />
    </Properties>
  </Step>
  <Step id="Se61b19c8c15b4592a60a8b53b6e546d6" taskName="T_01_폴더및파일설정" type="Flow" name="DecisionThen" displayName="IfThen" callDepth="2" depth="1" num="3" result="Pass" start="2025-04-17T03:28:31.344" end="2025-04-17T03:28:31.347" displayTime="0s">
    <Variables>
      <Variable name="is_TempFileInTempFolder" scope="Normal" owner="T_01_폴더및파일설정" declareType="Any" isChanged="false" isChangable="false" runtimeType="Boolean" value="true" />
    </Variables>
    <Properties setIndex="0">
      <Property value="" runtimeType="String" key="Key_Description" displayKey="Description" visible="true" required="false" />
      <Property value="!(this.is_TempFileInTempFolder)" runtimeType="String" key="Conditions_Expression" displayKey="IfThen Condition" visible="false" required="true" />
      <Property value="true" runtimeType="Boolean" key="Conditions_CombineCondition" displayKey="Combine Condition" visible="false" required="false" />
      <Property value="false" runtimeType="Boolean" key="Conditions_Expression1" displayKey="Condition" visible="true" required="true" />
      <Property value="" runtimeType="String" key="Conditions_AddCondition" displayKey="Add Condition" visible="true" required="false" />
    </Properties>
  </Step>
  <Step id="S2e16940931ab4a1599b75d6d0687dee8" taskName="T_01_폴더및파일설정" type="Flow" name="EndDecisionThen" displayName="End-IfThen" callDepth="2" depth="2" num="5" result="Pass" start="2025-04-17T03:28:31.360" end="2025-04-17T03:28:31.360" displayTime="0s">
    <Variables />
    <Properties setIndex="0">
      <Property value="" runtimeType="String" key="Key_Description" displayKey="Description" visible="true" required="false" />
    </Properties>
  </Step>
  <Step id="S3bd987af43784501a293782d58f99659" taskName="T_01_폴더및파일설정" type="Flow" name="Assign" displayName="Assign" callDepth="2" depth="1" num="6" result="Pass" start="2025-04-17T03:28:31.376" end="2025-04-17T03:28:31.378" displayTime="0s">
    <Variables>
      <Variable name="str_TempFileName" scope="Global" declareType="Any" isChanged="false" isChangable="true" runtimeType="String" value="'보고서_Template.xlsx'" />
      <Variable name="str_TempFilePath" scope="Global" declareType="Any" isChanged="false" isChangable="true" runtimeType="String" value="'C:\\RPA교육\\보고서_Template.xlsx'" />
      <Variable name="str_TempFolderPath" scope="Global" declareType="Any" isChanged="false" isChangable="true" runtimeType="String" value="'C:\\RPA교육\\제조사별판매실적조회\\Temp\\'" />
    </Variables>
    <Properties setIndex="0">
      <Property value="" runtimeType="String" key="Options_OnError" displayKey="On Error" visible="true" required="false" />
      <Property value="" runtimeType="String" key="Key_Description" displayKey="Description" visible="true" required="false" />
      <Property value="Global.str_TempFilePath : &lt;undefined&gt;" runtimeType="Undefined" key="Conditions_Variable" displayKey="Variable" visible="true" required="true" />
      <Property value="'C:\\RPA교육\\제조사별판매실적조회\\Temp\\보고서_Template.xlsx'" runtimeType="String" key="Conditions_Value" displayKey="Value" visible="true" required="true" />
    </Properties>
  </Step>
  <Step id="Sf801191fd45945c0bb991aeb85375402" taskName="T_01_폴더및파일설정" type="Excel" name="OpenExcel" displayName="OpenExcel" callDepth="2" depth="1" num="7" result="Pass" start="2025-04-17T03:28:31.392" end="2025-04-17T03:28:34.656" displayTime="3.3s">
    <Variables>
      <Variable name="str_TempFilePath" scope="Global" declareType="Any" isChanged="false" isChangable="false" runtimeType="String" value="'C:\\RPA교육\\제조사별판매실적조회\\Temp\\보고서_Template.xlsx'" />
      <Variable name="RESULT" scope="System" declareType="Any" isChanged="false" isChangable="true" runtimeType="Any" value="&lt;null&gt;" />
    </Variables>
    <Properties setIndex="0">
      <Property value="" runtimeType="String" key="Options_OnError" displayKey="On Error" visible="true" required="false" />
      <Property value="" runtimeType="String" key="Key_Description" displayKey="Description" visible="true" required="false" />
      <Property value="RESULT : Workbook" runtimeType="Any" key="Output_OutputExcel" displayKey="Excel" visible="true" required="true" />
      <Property value="'C:\\RPA교육\\제조사별판매실적조회\\Temp\\보고서_Template.xlsx'" runtimeType="String" key="File_Path" displayKey="Path" visible="true" required="true" />
      <Property value="false" runtimeType="Boolean" key="File_Invisible" displayKey="Invisible" visible="true" required="false" />
      <Property value="false" runtimeType="Boolean" key="File_ReadOnly" displayKey="ReadOnly" visible="true" required="false" />
      <Property value="true" runtimeType="Boolean" key="File_Maximize" displayKey="Maximize" visible="true" required="false" />
      <Property value="false" runtimeType="Boolean" key="File_ExecuteShell" displayKey="Execute Shell" visible="true" required="false" />
      <Property value="60" runtimeType="Integer" key="File_Timeout" displayKey="Timeout" visible="false" required="true" />
      <Property value="false" runtimeType="Boolean" key="File_UsePassword" displayKey="UsePassword" visible="true" required="false" />
      <Property value="&lt;Secure Data&gt;" runtimeType="String" key="File_OpenPassword" displayKey="OpenPassword" visible="false" required="false" />
      <Property value="&lt;Secure Data&gt;" runtimeType="String" key="File_WritePassword" displayKey="WritePassword" visible="false" required="false" />
      <Property value="Comma(,)" runtimeType="String" key="File_TextDelimiter" displayKey="Text Delimiter" visible="true" required="false" />
    </Properties>
  </Step>
  <Step id="Se4e50de183a34196986bbebc17159d10" taskName="T_01_폴더및파일설정" type="Flow" name="Debugger" displayName="Debugger" callDepth="2" depth="1" num="8" result="None" start="2025-04-17T03:28:34.660" end="2025-04-17T03:28:39.296" displayTime="4.6s">
    <Variables>
      <Variable name="RESULT" scope="System" declareType="Any" isChanged="false" isChangable="true" runtimeType="Any" value="Workbook" />
    </Variables>
    <Properties setIndex="0">
      <Property value="" runtimeType="String" key="Options_OnError" displayKey="On Error" visible="true" required="false" />
      <Property value="" runtimeType="String" key="Key_Description" displayKey="Description" visible="true" required="false" />
      <Property value="Workbook" runtimeType="Any" key="Conditions_Message" displayKey="Message" visible="true" required="false" />
    </Properties>
  </Step>
  <JobInfo>
    <Info name="Bot Version" value="3.1.125.00226" />
    <Info name="Resolution" value="1920 x 1080" />
    <Info name="Language" value="한국어 (대한민국)" />
    <Info name="BotID" value="S-DESIGNER-25EE6" />
  </JobInfo>
</Result>