<?xml version="1.0" encoding="utf-8"?>
<Result id="affe1dc6-3022-423e-bf5c-e5648d3635c6" name="T_04_추가조회조건입력" result="Pass" detail="{&#xD;&#xA;  &quot;o_str_InputPeriod&quot;: &quot;&quot;,&#xD;&#xA;  &quot;o_str_InputBrandNames&quot;: &quot;&quot;&#xD;&#xA;}" start="2025-04-29T08:31:39.986" end="2025-04-29T08:31:54.209" jobId="Designer_20250429_173137_343">
  <Step id="Sa3711ec6b31f4b6db32f29e6bdb914a1" taskName="T_04_추가조회조건입력" type="Desktop" name="InputBox" displayName="InputBox" callDepth="1" depth="1" num="1" result="Pass" start="2025-04-29T08:31:40.047" end="2025-04-29T08:31:42.120" displayTime="2.1s">
    <Variables>
      <Variable name="o_str_InputBrandNames" scope="Output" owner="T_04_추가조회조건입력" declareType="Any" isChanged="false" isChangable="true" runtimeType="Undefined" value="&lt;undefined&gt;" />
    </Variables>
    <Properties setIndex="0">
      <Property value="" runtimeType="String" key="Options_OnError" displayKey="On Error" visible="true" required="false" />
      <Property value="" runtimeType="String" key="Key_Description" displayKey="Description" visible="true" required="false" />
      <Property value="this.o_str_InputBrandNames : ''" runtimeType="String" key="Conditions_Variable" displayKey="Variable" visible="true" required="true" />
      <Property value="Text" runtimeType="String" key="Conditions_PromptType" displayKey="Prompt Type" visible="true" required="true" />
      <Property value="''" runtimeType="String" key="Conditions_DefaultValue" displayKey="Default Value" visible="true" required="false" />
      <Property value="''" runtimeType="String" key="Conditions_DefaultItem" displayKey="Default Value" visible="false" required="false" />
      <Property value="'추가로 조회할 브랜드 명을 입력해주세요. 브랜드명은 콤마(,)로 구분합니다. \n기본값: 현대, 기아, 제네시스, 쉐보레, KG모빌리티, 르노코리아'" runtimeType="String" key="Conditions_PromptMessage" displayKey="Guide Message" visible="true" required="false" />
      <Property value="600" runtimeType="Integer" key="Conditions_TimeoutSec" displayKey="Timeout(Sec)" visible="true" required="true" />
    </Properties>
  </Step>
  <Step id="Sbb0cbb97e5f14cc1b8bb3b19e5cf130a" taskName="T_04_추가조회조건입력" type="Desktop" name="InputBox" displayName="InputBox" callDepth="1" depth="1" num="2" result="Pass" start="2025-04-29T08:31:42.132" end="2025-04-29T08:31:54.207" displayTime="12.1s">
    <Variables>
      <Variable name="o_str_InputPeriod" scope="Output" owner="T_04_추가조회조건입력" declareType="Any" isChanged="false" isChangable="true" runtimeType="Undefined" value="&lt;undefined&gt;" />
    </Variables>
    <Properties setIndex="0">
      <Property value="" runtimeType="String" key="Options_OnError" displayKey="On Error" visible="true" required="false" />
      <Property value="" runtimeType="String" key="Key_Description" displayKey="Description" visible="true" required="false" />
      <Property value="this.o_str_InputPeriod : ''" runtimeType="String" key="Conditions_Variable" displayKey="Variable" visible="true" required="true" />
      <Property value="Text" runtimeType="String" key="Conditions_PromptType" displayKey="Prompt Type" visible="true" required="true" />
      <Property value="''" runtimeType="String" key="Conditions_DefaultValue" displayKey="Default Value" visible="true" required="false" />
      <Property value="''" runtimeType="String" key="Conditions_DefaultItem" displayKey="Default Value" visible="false" required="false" />
      <Property value="'조회 기간을 입력해주세요.\n기본값은 2024년 04월 입니다.'" runtimeType="String" key="Conditions_PromptMessage" displayKey="Guide Message" visible="true" required="false" />
      <Property value="600" runtimeType="Integer" key="Conditions_TimeoutSec" displayKey="Timeout(Sec)" visible="true" required="true" />
    </Properties>
  </Step>
  <JobInfo>
    <Info name="Bot Version" value="3.1.125.00226" />
    <Info name="Resolution" value="1920 x 1080" />
    <Info name="Language" value="한국어 (대한민국)" />
    <Info name="BotID" value="S-DESIGNER-OY53F" />
  </JobInfo>
</Result>