<?xml version="1.0" encoding="utf-8"?>
<Result id="2113ca58-c446-408b-ab7d-4a0df87ed1a7" name="T_09_엑셀양식설정" result="Pass" detail="{}" start="2025-04-23T01:47:45.876" end="2025-04-23T01:47:49.864" jobId="Designer_20250423_104743_178">
  <Step id="S8ff4280b34c34de287d60c8f47c9461a" taskName="T_09_엑셀양식설정" type="Excel" name="SelectRange" displayName="SelectRange" callDepth="1" depth="1" num="2" result="Pass" start="2025-04-23T01:47:45.939" end="2025-04-23T01:47:46.855" displayTime="0.9s">
    <Variables />
    <Properties setIndex="0">
      <Property value="" runtimeType="String" key="Options_OnError" displayKey="On Error" visible="true" required="false" />
      <Property value="" runtimeType="String" key="Key_Description" displayKey="Description" visible="true" required="false" />
      <Property value="&lt;ActiveExcel&gt;" runtimeType="Any" key="Input_InputExcel" displayKey="Excel" visible="true" required="true" />
      <Property value="&lt;ActiveSheet&gt;" runtimeType="Any" key="Sheet_SheetName" displayKey="SheetName" visible="true" required="true" />
      <Property value="'A4'" runtimeType="String" key="Sheet_Range" displayKey="Range" visible="true" required="true" />
      <Property value="LeftClick" runtimeType="String" key="Sheet_MouseType" displayKey="MouseType" visible="true" required="true" />
      <Property value="'-1, -1'" runtimeType="String" key="Sheet_MousePos" displayKey="MousePos" visible="true" required="true" />
    </Properties>
  </Step>
  <Step id="Sb683f741a855493eb1c850c6bb7407a3" taskName="T_09_엑셀양식설정" type="Win" name="KeyInput" displayName="KeyInput" callDepth="1" depth="1" num="3" result="Pass" start="2025-04-23T01:47:46.868" end="2025-04-23T01:47:49.569" displayTime="2.7s">
    <Variables />
    <Properties setIndex="0">
      <Property value="" runtimeType="String" key="Options_OnError" displayKey="On Error" visible="true" required="false" />
      <Property value="" runtimeType="String" key="Key_Description" displayKey="Description" visible="true" required="false" />
      <Property value="LControlKey,LShiftKey,Down,,Right,,-LShiftKey,-LControlKey" runtimeType="StringBuilder" key="Keyboard_KeyInput" displayKey="KeyInput" visible="true" required="true" />
      <Property value="1000" runtimeType="Integer" key="Options_BeforeDelay" displayKey="Before Delay(ms)" visible="true" required="false" />
      <Property value="500" runtimeType="Integer" key="Options_AfterDelay" displayKey="After Delay(ms)" visible="true" required="false" />
      <Property value="100" runtimeType="Integer" key="Options_Interval" displayKey="Interval(ms)" visible="true" required="false" />
      <Property value="true" runtimeType="Boolean" key="Keyboard_ClearKeyState" displayKey="Restore KeyState" visible="true" required="false" />
    </Properties>
  </Step>
  <Step id="S9332ea5c9d354c84a218d5861870de60" taskName="T_09_엑셀양식설정" type="Excel" name="GetActiveRange" displayName="GetActiveRange" callDepth="1" depth="1" num="4" result="Pass" start="2025-04-23T01:47:49.583" end="2025-04-23T01:47:49.721" displayTime="0.1s">
    <Variables>
      <Variable name="str_ModelDataRange" scope="Normal" owner="T_09_엑셀양식설정" declareType="Any" isChanged="false" isChangable="true" runtimeType="Undefined" value="&lt;undefined&gt;" />
    </Variables>
    <Properties setIndex="0">
      <Property value="" runtimeType="String" key="Options_OnError" displayKey="On Error" visible="true" required="false" />
      <Property value="" runtimeType="String" key="Key_Description" displayKey="Description" visible="true" required="false" />
      <Property value="&lt;ActiveExcel&gt;" runtimeType="Any" key="Input_InputExcel" displayKey="Excel" visible="true" required="true" />
      <Property value="this.str_ModelDataRange : 'A4:F11'" runtimeType="String" key="Output_OutputRange" displayKey="Range" visible="true" required="true" />
    </Properties>
  </Step>
  <Step id="Sff343b469c8244048b40ed47ce3831b5" taskName="T_09_엑셀양식설정" type="Excel" name="SetStyleRange" displayName="SetStyleRange" callDepth="1" depth="1" num="5" result="Pass" start="2025-04-23T01:47:49.724" end="2025-04-23T01:47:49.863" displayTime="0.1s">
    <Variables>
      <Variable name="str_ModelDataRange" scope="Normal" owner="T_09_엑셀양식설정" declareType="Any" isChanged="false" isChangable="true" runtimeType="String" value="'A4:F11'" />
    </Variables>
    <Properties setIndex="0">
      <Property value="" runtimeType="String" key="Options_OnError" displayKey="On Error" visible="true" required="false" />
      <Property value="" runtimeType="String" key="Key_Description" displayKey="Description" visible="true" required="false" />
      <Property value="&lt;ActiveExcel&gt;" runtimeType="Any" key="Input_InputExcel" displayKey="Excel" visible="true" required="true" />
      <Property value="&lt;ActiveSheet&gt;" runtimeType="Any" key="Sheet_SheetName" displayKey="SheetName" visible="true" required="true" />
      <Property value="'A4:F11'" runtimeType="String" key="Sheet_Range" displayKey="Range" visible="true" required="true" />
      <Property value="" runtimeType="String" key="Cell_FontName" displayKey="FontName" visible="true" required="false" />
      <Property value="Current" runtimeType="String" key="Cell_FontBold" displayKey="FontBold" visible="true" required="false" />
      <Property value="Current" runtimeType="String" key="Cell_FontItalic" displayKey="FontItalic" visible="true" required="false" />
      <Property value="Current" runtimeType="String" key="Cell_FontUnderline" displayKey="FontUnderline" visible="true" required="false" />
      <Property value="0" runtimeType="Integer" key="Cell_FontSize" displayKey="FontSize" visible="true" required="false" />
      <Property value="''" runtimeType="String" key="Cell_FontColor" displayKey="FontColor" visible="true" required="false" />
      <Property value="'50,250,250'" runtimeType="String" key="Cell_BackgroundColor" displayKey="BackgroundColor" visible="true" required="false" />
      <Property value="0" runtimeType="Double" key="Cell_Width" displayKey="Width" visible="true" required="false" />
      <Property value="0" runtimeType="Double" key="Cell_Height" displayKey="Height" visible="true" required="false" />
      <Property value="" runtimeType="String" key="Cell_AlignHorizontal" displayKey="AlignHorizontal" visible="true" required="false" />
      <Property value="" runtimeType="String" key="Cell_AlignVertical" displayKey="AlignVertical" visible="true" required="false" />
    </Properties>
  </Step>
  <JobInfo>
    <Info name="Bot Version" value="3.1.125.00226" />
    <Info name="Resolution" value="1920 x 1080" />
    <Info name="Language" value="한국어 (대한민국)" />
    <Info name="BotID" value="S-DESIGNER-X5673" />
  </JobInfo>
</Result>