<?xml version="1.0" encoding="utf-8"?>
<Result id="a06d3084-2a26-4094-996b-2cba08c14d49" name="T_04_웹사이트접속" result="Stop" detail="Process: T_04_웹사이트접속&#xA;Step: Debugger (2/2)&#xA;&#xA;Stopped by User" start="2025-04-17T03:32:51.149" end="2025-04-17T03:33:09.093" jobId="Designer_20250417_123248_412">
  <Step id="Sca0bd5df68404c93a3b75aa6bbc2feb9" taskName="T_04_웹사이트접속" type="Chrome" name="ChromeOpen" displayName="ChromeOpen" callDepth="1" depth="1" num="1" result="Pass" start="2025-04-17T03:32:51.219" end="2025-04-17T03:32:58.860" displayTime="7.6s">
    <Variables>
      <Variable name="ChromeBrowser" scope="Global" declareType="Any" isChanged="false" isChangable="true" runtimeType="Undefined" value="&lt;undefined&gt;" />
    </Variables>
    <Properties setIndex="0">
      <Property value="" runtimeType="String" key="Options_OnError" displayKey="On Error" visible="true" required="false" />
      <Property value="" runtimeType="String" key="Key_Description" displayKey="Description" visible="true" required="false" />
      <Property value="Global.ChromeBrowser : &lt;undefined&gt;" runtimeType="Undefined" key="CHROME_Browser" displayKey="Browser" visible="true" required="true" />
      <Property value="Chrome" runtimeType="String" key="CHROME_TypeOfBrowser" displayKey="Browser Type" visible="true" required="false" />
      <Property value="false" runtimeType="Boolean" key="CHROME_BrowserType" displayKey="Headless Mode" visible="true" required="false" />
      <Property value="'https://auto.danawa.com/'" runtimeType="String" key="CHROME_URL" displayKey="URL" visible="true" required="true" />
      <Property value="" runtimeType="String" key="CHROME_ChromePath" displayKey="Browser Path" visible="true" required="false" />
      <Property value="true" runtimeType="Boolean" key="CHROME_Maximize" displayKey="Maximize" visible="true" required="false" />
      <Property value="60" runtimeType="Integer" key="CHROME_WaitTimeSec" displayKey="Page Load Timeout" visible="true" required="false" />
      <Property value="" runtimeType="String" key="CHROME_ExtensionList" displayKey="Included Extensions" visible="true" required="false" />
      <Property value="" runtimeType="String" key="CHROME_DownloadPath" displayKey="Download Path" visible="true" required="false" />
      <Property value="false" runtimeType="Boolean" key="CHROME_WindowsAccountPermissions" displayKey="Windows Account Permissions" visible="true" required="false" />
      <Property value="" runtimeType="String" key="CHROME_UserAgent" displayKey="User Agent" visible="true" required="false" />
      <Property value="false" runtimeType="Boolean" key="CHROME_DisableAutomationControl" displayKey="Disable AutomationControl" visible="true" required="false" />
      <Property value="" runtimeType="String" key="CHROME_UserLaunchOptions" displayKey="Launch Options" visible="true" required="false" />
    </Properties>
  </Step>
  <Step id="S4c8c96feadb54ec6923101b1c62fb212" taskName="T_04_웹사이트접속" type="Flow" name="Debugger" displayName="Debugger" callDepth="1" depth="1" num="2" result="Stop" start="2025-04-17T03:32:58.874" end="2025-04-17T03:33:09.093" displayTime="10.2s">
    <Variables>
      <Variable name="RESULT" scope="System" declareType="Any" isChanged="false" isChangable="true" runtimeType="Any" value="&lt;null&gt;" />
    </Variables>
    <Properties setIndex="0">
      <Property value="" runtimeType="String" key="Options_OnError" displayKey="On Error" visible="true" required="false" />
      <Property value="" runtimeType="String" key="Key_Description" displayKey="Description" visible="true" required="false" />
      <Property runtimeType="String" key="Conditions_Message" displayKey="Message" visible="true" required="false" />
    </Properties>
  </Step>
  <JobInfo>
    <Info name="Bot Version" value="3.1.125.00226" />
    <Info name="Resolution" value="1920 x 1080" />
    <Info name="Language" value="한국어 (대한민국)" />
    <Info name="BotID" value="S-DESIGNER-25EE6" />
  </JobInfo>
</Result>