<?xml version="1.0" encoding="utf-8"?>
<Result id="2113ca58-c446-408b-ab7d-4a0df87ed1a7" name="T_09_엑셀양식설정" result="Stop" detail="Process: T_09_엑셀양식설정&#xA;Step: KeyInput (9/23)&#xA;&#xA;Stopped by User" start="2025-04-25T00:31:11.787" end="2025-04-25T00:31:17.105" jobId="Designer_20250425_093108_796">
  <Step id="S21d32dd82b464b8082aff8a49c5bcc9e" taskName="T_09_엑셀양식설정" type="Win" name="KeyInput" displayName="KeyInput" callDepth="1" depth="1" num="8" result="Pass" start="2025-04-25T00:31:11.867" end="2025-04-25T00:31:15.192" displayTime="3.3s">
    <Variables />
    <Properties setIndex="0">
      <Property value="" runtimeType="String" key="Options_OnError" displayKey="On Error" visible="true" required="false" />
      <Property value="" runtimeType="String" key="Key_Description" displayKey="Description" visible="true" required="false" />
      <Property value="LControlKey,Right,,-LControlKey,LShiftKey,Left,,LControlKey,Down,,-LControlKey,-LShiftKey" runtimeType="StringBuilder" key="Keyboard_KeyInput" displayKey="KeyInput" visible="true" required="true" />
      <Property value="1000" runtimeType="Integer" key="Options_BeforeDelay" displayKey="Before Delay(ms)" visible="true" required="false" />
      <Property value="500" runtimeType="Integer" key="Options_AfterDelay" displayKey="After Delay(ms)" visible="true" required="false" />
      <Property value="100" runtimeType="Integer" key="Options_Interval" displayKey="Interval(ms)" visible="true" required="false" />
      <Property value="true" runtimeType="Boolean" key="Keyboard_ClearKeyState" displayKey="Restore KeyState" visible="true" required="false" />
    </Properties>
  </Step>
  <Step id="S0faac85d436140c7a867875a15a7e44e" taskName="T_09_엑셀양식설정" type="Win" name="KeyInput" displayName="KeyInput" callDepth="1" depth="1" num="9" result="Stop" start="2025-04-25T00:31:15.204" end="2025-04-25T00:31:17.105" displayTime="1.9s">
    <Variables />
    <Properties setIndex="0">
      <Property value="" runtimeType="String" key="Options_OnError" displayKey="On Error" visible="true" required="false" />
      <Property value="" runtimeType="String" key="Key_Description" displayKey="Description" visible="true" required="false" />
      <Property value="LMenu,,H,,L,,H,,T," runtimeType="StringBuilder" key="Keyboard_KeyInput" displayKey="KeyInput" visible="true" required="true" />
      <Property value="1000" runtimeType="Integer" key="Options_BeforeDelay" displayKey="Before Delay(ms)" visible="true" required="false" />
      <Property value="500" runtimeType="Integer" key="Options_AfterDelay" displayKey="After Delay(ms)" visible="true" required="false" />
      <Property value="100" runtimeType="Integer" key="Options_Interval" displayKey="Interval(ms)" visible="true" required="false" />
      <Property value="true" runtimeType="Boolean" key="Keyboard_ClearKeyState" displayKey="Restore KeyState" visible="true" required="false" />
    </Properties>
  </Step>
  <JobInfo>
    <Info name="Bot Version" value="3.1.125.00226" />
    <Info name="Resolution" value="1920 x 1080" />
    <Info name="Language" value="한국어 (대한민국)" />
    <Info name="BotID" value="S-DESIGNER-X5673" />
  </JobInfo>
</Result>