<?xml version="1.0" encoding="utf-8"?>
<Result id="e0cb2b4a-16a9-4bf0-8849-1eab1db3dccd" name="T_03_작업조회조건설정" result="Stop" detail="Process: T_03_작업조회조건설정&#xA;Step: Debugger (7/7)&#xA;&#xA;Stopped by User" start="2025-04-17T03:24:09.660" end="2025-04-17T03:24:25.295" jobId="Designer_20250417_122406_980">
  <Step id="S0981d1a661784412972f1d4850525c71" taskName="T_03_작업조회조건설정" type="Flow" name="DecisionThen" displayName="IfThen" callDepth="1" depth="1" num="1" result="Pass" start="2025-04-17T03:24:09.738" end="2025-04-17T03:24:09.856" displayTime="0.1s">
    <Variables>
      <Variable name="i_str_InputBrandNames" scope="Normal" owner="T_03_작업조회조건설정" declareType="Any" isChanged="false" isChangable="false" runtimeType="String" value="''" />
    </Variables>
    <Properties setIndex="0">
      <Property value="" runtimeType="String" key="Key_Description" displayKey="Description" visible="true" required="false" />
      <Property value="this.i_str_InputBrandNames!=''" runtimeType="String" key="Conditions_Expression" displayKey="IfThen Condition" visible="false" required="true" />
      <Property value="true" runtimeType="Boolean" key="Conditions_CombineCondition" displayKey="Combine Condition" visible="false" required="false" />
      <Property value="false" runtimeType="Boolean" key="Conditions_Expression1" displayKey="Condition" visible="true" required="true" />
      <Property value="" runtimeType="String" key="Conditions_AddCondition" displayKey="Add Condition" visible="true" required="false" />
    </Properties>
  </Step>
  <Step id="Sf6a95bd3197e4d3998c5b5770375dd19" taskName="T_03_작업조회조건설정" type="Flow" name="EndDecisionThen" displayName="End-IfThen" callDepth="1" depth="2" num="3" result="Pass" start="2025-04-17T03:24:09.867" end="2025-04-17T03:24:09.868" displayTime="0s">
    <Variables />
    <Properties setIndex="0">
      <Property value="" runtimeType="String" key="Key_Description" displayKey="Description" visible="true" required="false" />
    </Properties>
  </Step>
  <Step id="S548b548d5b53477fb30cf5216c1cd226" taskName="T_03_작업조회조건설정" type="Flow" name="DecisionThen" displayName="IfThen" callDepth="1" depth="1" num="4" result="Pass" start="2025-04-17T03:24:09.883" end="2025-04-17T03:24:09.884" displayTime="0s">
    <Variables>
      <Variable name="i_str_InputPeriod" scope="Normal" owner="T_03_작업조회조건설정" declareType="Any" isChanged="false" isChangable="false" runtimeType="String" value="'2023년 09월'" />
    </Variables>
    <Properties setIndex="0">
      <Property value="" runtimeType="String" key="Key_Description" displayKey="Description" visible="true" required="false" />
      <Property value="this.i_str_InputPeriod!=''" runtimeType="String" key="Conditions_Expression" displayKey="IfThen Condition" visible="false" required="true" />
      <Property value="true" runtimeType="Boolean" key="Conditions_CombineCondition" displayKey="Combine Condition" visible="false" required="false" />
      <Property value="true" runtimeType="Boolean" key="Conditions_Expression1" displayKey="Condition" visible="true" required="true" />
      <Property value="" runtimeType="String" key="Conditions_AddCondition" displayKey="Add Condition" visible="true" required="false" />
    </Properties>
  </Step>
  <Step id="S20ef88b6b52f40219379c0b9bf8a9c37" taskName="T_03_작업조회조건설정" type="Flow" name="ExecuteScript" displayName="ExecuteScript" callDepth="1" depth="2" num="5" result="Pass" start="2025-04-17T03:24:09.899" end="2025-04-17T03:24:09.954" displayTime="0.1s">
    <Variables>
      <Variable name="arr1_Period" scope="Global" declareType="Any" isChanged="false" isChangable="true" runtimeType="Array1D" value="['2024', '04']" />
      <Variable name="i_str_InputPeriod" scope="Normal" owner="T_03_작업조회조건설정" declareType="Any" isChanged="false" isChangable="false" runtimeType="String" value="'2023년 09월'" />
    </Variables>
    <Properties setIndex="0">
      <Property value="" runtimeType="String" key="Options_OnError" displayKey="On Error" visible="true" required="false" />
      <Property value="" runtimeType="String" key="Key_Description" displayKey="Description" visible="true" required="false" />
      <Property value="인풋값으로 조회 조건 변경" runtimeType="String" key="Conditions_Title" displayKey="Title" visible="true" required="true" />
      <Property value="&lt;Too Long&gt; &#xD;&#xA;&#xD;&#xA;int_IndexYear = this.i_str_InputPeriod.indexOf('년');&#xD;&#xA;int_Year = this.i_str_InputPeriod.slice((i ... 237 more" runtimeType="String" key="Key_Script" displayKey="Script" visible="true" required="false" />
    </Properties>
  </Step>
  <Step id="Sf64fd7057c1741788a68ca21916b18c3" taskName="T_03_작업조회조건설정" type="Flow" name="EndDecisionThen" displayName="End-IfThen" callDepth="1" depth="2" num="6" result="Pass" start="2025-04-17T03:24:09.963" end="2025-04-17T03:24:09.963" displayTime="0s">
    <Variables />
    <Properties setIndex="0">
      <Property value="" runtimeType="String" key="Key_Description" displayKey="Description" visible="true" required="false" />
    </Properties>
  </Step>
  <Step id="S9936378ff2df417c98e986c8fb517e7b" taskName="T_03_작업조회조건설정" type="Flow" name="Debugger" displayName="Debugger" callDepth="1" depth="1" num="7" result="Stop" start="2025-04-17T03:24:09.979" end="2025-04-17T03:24:25.295" displayTime="15.3s">
    <Variables>
      <Variable name="RESULT" scope="System" declareType="Any" isChanged="false" isChangable="true" runtimeType="Any" value="&lt;null&gt;" />
    </Variables>
    <Properties setIndex="0">
      <Property value="" runtimeType="String" key="Options_OnError" displayKey="On Error" visible="true" required="false" />
      <Property value="" runtimeType="String" key="Key_Description" displayKey="Description" visible="true" required="false" />
      <Property runtimeType="String" key="Conditions_Message" displayKey="Message" visible="true" required="false" />
    </Properties>
  </Step>
  <JobInfo>
    <Info name="Bot Version" value="3.1.125.00226" />
    <Info name="Resolution" value="1920 x 1080" />
    <Info name="Language" value="한국어 (대한민국)" />
    <Info name="BotID" value="S-DESIGNER-25EE6" />
  </JobInfo>
</Result>