<?xml version="1.0" encoding="utf-8"?>
<Result id="ad5c0437-1599-4090-ae63-f6a343c71676" name="T_00_브랜드리스트" result="Stop" detail="TypeError: Cannot read property 'push' of undefined&#xA;&#xA;Process: T_00_브랜드리스트&#xA;&#xA;Process: T_00_브랜드리스트&#xA;Step: ExecuteScript (1/6)&#xA;TypeError: Cannot read property 'push' of undefined&#xA;&#xA;-- Recent Warning Messages --&#xA;Process: T_00_브랜드리스트&#xA;Step: ExecuteScript (1/6)&#xA;&#xA;TypeError: Cannot read property 'push' of undefined" start="2025-04-28T09:13:03.759" end="2025-04-28T09:13:06.503" jobId="Designer_20250428_181300_890">
  <Step id="S21142a46acae45ff88216650a5403551" taskName="T_00_브랜드리스트" type="Flow" name="ExecuteScript" displayName="ExecuteScript" callDepth="1" depth="1" num="1" result="Fail" start="2025-04-28T09:13:03.822" end="2025-04-28T09:13:06.464" displayTime="2.6s">
    <Variables>
      <Variable name="arr1_BrandNames" scope="Global" declareType="Any" isChanged="false" isChangable="true" runtimeType="Undefined" value="&lt;undefined&gt;" />
      <Variable name="i_str_InputBrandNames" scope="Normal" owner="T_00_브랜드리스트" declareType="Any" isChanged="false" isChangable="false" runtimeType="String" value="'아우디, BMW'" />
    </Variables>
    <Properties setIndex="0">
      <Property value="" runtimeType="String" key="Options_OnError" displayKey="On Error" visible="true" required="false" />
      <Property value="" runtimeType="String" key="Key_Description" displayKey="Description" visible="true" required="false" />
      <Property value="중복확인" runtimeType="String" key="Conditions_Title" displayKey="Title" visible="true" required="true" />
      <Property value="&lt;Too Long&gt; arr1_InputBrandNames = this.i_str_InputBrandNames.split(',');&#xD;&#xA;&#xD;&#xA;for(i=0;i&lt;arr1_InputBrandNames.leng ... 77 more" runtimeType="String" key="Key_Script" displayKey="Script" visible="true" required="false" />
    </Properties>
  </Step>
  <JobInfo>
    <Info name="Bot Version" value="3.1.125.00226" />
    <Info name="Resolution" value="1920 x 1080" />
    <Info name="Language" value="한국어 (대한민국)" />
    <Info name="BotID" value="S-DESIGNER-OY53F" />
  </JobInfo>
</Result>