<?xml version="1.0" encoding="utf-8"?>
<Result id="2113ca58-c446-408b-ab7d-4a0df87ed1a7" name="T_09_엑셀양식설정" result="Pass" detail="{}" start="2025-04-23T01:39:46.299" end="2025-04-23T01:39:46.907" jobId="Designer_20250423_103943_512">
  <Step id="S259a875a270443a893a2f38aafdc9d97" taskName="T_09_엑셀양식설정" type="Excel" name="GetActiveRange" displayName="GetActiveRange" callDepth="1" depth="1" num="2" result="Pass" start="2025-04-23T01:39:46.359" end="2025-04-23T01:39:46.757" displayTime="0.4s">
    <Variables>
      <Variable name="RESULT" scope="System" declareType="Any" isChanged="false" isChangable="true" runtimeType="Any" value="&lt;null&gt;" />
    </Variables>
    <Properties setIndex="0">
      <Property value="" runtimeType="String" key="Options_OnError" displayKey="On Error" visible="true" required="false" />
      <Property value="" runtimeType="String" key="Key_Description" displayKey="Description" visible="true" required="false" />
      <Property value="&lt;ActiveExcel&gt;" runtimeType="Any" key="Input_InputExcel" displayKey="Excel" visible="true" required="true" />
      <Property value="RESULT : 'H16'" runtimeType="String" key="Output_OutputRange" displayKey="Range" visible="true" required="true" />
    </Properties>
  </Step>
  <Step id="Sff343b469c8244048b40ed47ce3831b5" taskName="T_09_엑셀양식설정" type="Excel" name="SetStyleRange" displayName="SetStyleRange" callDepth="1" depth="1" num="3" result="Pass" start="2025-04-23T01:39:46.777" end="2025-04-23T01:39:46.906" displayTime="0.1s">
    <Variables>
      <Variable name="RESULT" scope="System" declareType="Any" isChanged="false" isChangable="false" runtimeType="String" value="'H16'" />
    </Variables>
    <Properties setIndex="0">
      <Property value="" runtimeType="String" key="Options_OnError" displayKey="On Error" visible="true" required="false" />
      <Property value="" runtimeType="String" key="Key_Description" displayKey="Description" visible="true" required="false" />
      <Property value="&lt;ActiveExcel&gt;" runtimeType="Any" key="Input_InputExcel" displayKey="Excel" visible="true" required="true" />
      <Property value="&lt;ActiveSheet&gt;" runtimeType="Any" key="Sheet_SheetName" displayKey="SheetName" visible="true" required="true" />
      <Property value="'H16'" runtimeType="String" key="Sheet_Range" displayKey="Range" visible="true" required="true" />
      <Property value="" runtimeType="String" key="Cell_FontName" displayKey="FontName" visible="true" required="false" />
      <Property value="Current" runtimeType="String" key="Cell_FontBold" displayKey="FontBold" visible="true" required="false" />
      <Property value="Current" runtimeType="String" key="Cell_FontItalic" displayKey="FontItalic" visible="true" required="false" />
      <Property value="Current" runtimeType="String" key="Cell_FontUnderline" displayKey="FontUnderline" visible="true" required="false" />
      <Property value="0" runtimeType="Integer" key="Cell_FontSize" displayKey="FontSize" visible="true" required="false" />
      <Property value="''" runtimeType="String" key="Cell_FontColor" displayKey="FontColor" visible="true" required="false" />
      <Property value="'0,100,0'" runtimeType="String" key="Cell_BackgroundColor" displayKey="BackgroundColor" visible="true" required="false" />
      <Property value="0" runtimeType="Double" key="Cell_Width" displayKey="Width" visible="true" required="false" />
      <Property value="0" runtimeType="Double" key="Cell_Height" displayKey="Height" visible="true" required="false" />
      <Property value="" runtimeType="String" key="Cell_AlignHorizontal" displayKey="AlignHorizontal" visible="true" required="false" />
      <Property value="" runtimeType="String" key="Cell_AlignVertical" displayKey="AlignVertical" visible="true" required="false" />
    </Properties>
  </Step>
  <JobInfo>
    <Info name="Bot Version" value="3.1.125.00226" />
    <Info name="Resolution" value="1920 x 1080" />
    <Info name="Language" value="한국어 (대한민국)" />
    <Info name="BotID" value="S-DESIGNER-X5673" />
  </JobInfo>
</Result>